<?xml version="1.0" encoding="UTF-8"?><testrun name="TarefaRepositoryTest" project="gerenciadorApi" tests="1" started="1" failures="0" errors="1" ignored="0">
  <testsuite name="com.cjhsoftware.gerenciadorApi.domain.repository.TarefaRepositoryTest" time="1.228" displayname="TarefaRepositoryTest" uniqueid="[engine:junit-jupiter]/[class:com.cjhsoftware.gerenciadorApi.domain.repository.TarefaRepositoryTest]">
    <testcase name="SalvaTarefaNoBDcomSucesso" classname="com.cjhsoftware.gerenciadorApi.domain.repository.TarefaRepositoryTest" time="1.228" displayname="Usa o repositorio para salvar uma entidade de Projeto no banco de dados" uniqueid="[engine:junit-jupiter]/[class:com.cjhsoftware.gerenciadorApi.domain.repository.TarefaRepositoryTest]/[method:SalvaTarefaNoBDcomSucesso()]">
      <error>java.util.NoSuchElementException: No value present&#13;
	at java.base/java.util.Optional.get(Optional.java:143)&#13;
	at com.cjhsoftware.gerenciadorApi.domain.repository.TarefaRepositoryTest.setUp(TarefaRepositoryTest.java:38)&#13;
	at java.base/java.lang.reflect.Method.invoke(Method.java:580)&#13;
	at java.base/java.util.ArrayList.forEach(ArrayList.java:1596)&#13;
	at java.base/java.util.ArrayList.forEach(ArrayList.java:1596)&#13;
&#13;
</error>
    </testcase>
  </testsuite>
</testrun>
